<?xml version="1.0" encoding="UTF-8"?>
<testng-results ignored="0" total="1" passed="1" failed="0" skipped="0">
  <reporter-output>
  </reporter-output>
  <suite started-at="2023-06-13T09:36:11 AST" name="Default suite" finished-at="2023-06-13T09:37:02 AST" duration-ms="51748">
    <groups>
    </groups>
    <test started-at="2023-06-13T09:36:11 AST" name="Default test" finished-at="2023-06-13T09:37:02 AST" duration-ms="51748">
      <class name="com.org.saib.travelapp.uitests.TravelAppLoginScreenUITests">
        <test-method is-config="true" signature="setUpWithLamdaTest()[pri:0, instance:com.org.saib.travelapp.uitests.TravelAppLoginScreenUITests@47af7f3d]" started-at="2023-06-13T09:36:11 AST" name="setUpWithLamdaTest" finished-at="2023-06-13T09:36:22 AST" duration-ms="11380" status="PASS">
          <reporter-output>
          </reporter-output>
        </test-method> <!-- setUpWithLamdaTest -->
        <test-method signature="loginTest()[pri:0, instance:com.org.saib.travelapp.uitests.TravelAppLoginScreenUITests@47af7f3d]" started-at="2023-06-13T09:36:22 AST" name="loginTest" finished-at="2023-06-13T09:37:02 AST" duration-ms="39698" status="PASS">
          <reporter-output>
          </reporter-output>
        </test-method> <!-- loginTest -->
        <test-method is-config="true" signature="TearDown()[pri:0, instance:com.org.saib.travelapp.uitests.TravelAppLoginScreenUITests@47af7f3d]" started-at="2023-06-13T09:37:02 AST" name="TearDown" finished-at="2023-06-13T09:37:02 AST" duration-ms="617" status="PASS">
          <reporter-output>
          </reporter-output>
        </test-method> <!-- TearDown -->
      </class> <!-- com.org.saib.travelapp.uitests.TravelAppLoginScreenUITests -->
    </test> <!-- Default test -->
  </suite> <!-- Default suite -->
</testng-results>
